<?xml version="1.0" encoding="UTF-8"?>
<testsuite xmlns:xsi="http://www.w3.org/2001/XMLSchema-instance" xsi:noNamespaceSchemaLocation="https://maven.apache.org/surefire/maven-surefire-plugin/xsd/surefire-test-report.xsd" name="tubes.algeo.LinearEquationSolverTest" time="0.169" tests="24" errors="0" skipped="0" failures="4">
  <properties>
    <property name="java.specification.version" value="18"/>
    <property name="sun.cpu.isalist" value="amd64"/>
    <property name="sun.jnu.encoding" value="Cp1252"/>
    <property name="java.class.path" value="C:\Users\msfir\Documents\Java\Tubes\Algeo01-21075\bin\test-classes;C:\Users\msfir\Documents\Java\Tubes\Algeo01-21075\bin\classes;C:\Users\msfir\.m2\repository\junit\junit\4.11\junit-4.11.jar;C:\Users\msfir\.m2\repository\org\hamcrest\hamcrest-core\1.3\hamcrest-core-1.3.jar;"/>
    <property name="java.vm.vendor" value="Oracle Corporation"/>
    <property name="sun.arch.data.model" value="64"/>
    <property name="user.variant" value=""/>
    <property name="java.vendor.url" value="https://java.oracle.com/"/>
    <property name="user.timezone" value="Asia/Jakarta"/>
    <property name="os.name" value="Windows 10"/>
    <property name="java.vm.specification.version" value="18"/>
    <property name="sun.java.launcher" value="SUN_STANDARD"/>
    <property name="user.country" value="ID"/>
    <property name="sun.boot.library.path" value="C:\Program Files\Java\openjdk-18.0.2.1\bin"/>
    <property name="sun.java.command" value="C:\Users\msfir\AppData\Local\Temp\surefire278980725308592661\surefirebooter9841143784055566192.jar C:\Users\msfir\AppData\Local\Temp\surefire278980725308592661 2022-10-03T23-59-24_931-jvmRun1 surefire2889539110625807994tmp surefire_018050131423916443120tmp"/>
    <property name="jdk.debug" value="release"/>
    <property name="surefire.test.class.path" value="C:\Users\msfir\Documents\Java\Tubes\Algeo01-21075\bin\test-classes;C:\Users\msfir\Documents\Java\Tubes\Algeo01-21075\bin\classes;C:\Users\msfir\.m2\repository\junit\junit\4.11\junit-4.11.jar;C:\Users\msfir\.m2\repository\org\hamcrest\hamcrest-core\1.3\hamcrest-core-1.3.jar;"/>
    <property name="sun.cpu.endian" value="little"/>
    <property name="user.home" value="C:\Users\msfir"/>
    <property name="user.language" value="id"/>
    <property name="java.specification.vendor" value="Oracle Corporation"/>
    <property name="java.version.date" value="2022-08-18"/>
    <property name="java.home" value="C:\Program Files\Java\openjdk-18.0.2.1"/>
    <property name="file.separator" value="\"/>
    <property name="basedir" value="C:\Users\msfir\Documents\Java\Tubes\Algeo01-21075"/>
    <property name="java.vm.compressedOopsMode" value="32-bit"/>
    <property name="line.separator" value="&#10;"/>
    <property name="java.vm.specification.vendor" value="Oracle Corporation"/>
    <property name="java.specification.name" value="Java Platform API Specification"/>
    <property name="surefire.real.class.path" value="C:\Users\msfir\AppData\Local\Temp\surefire278980725308592661\surefirebooter9841143784055566192.jar"/>
    <property name="user.script" value=""/>
    <property name="sun.management.compiler" value="HotSpot 64-Bit Tiered Compilers"/>
    <property name="java.runtime.version" value="18.0.2.1+1-1"/>
    <property name="user.name" value="msfir"/>
    <property name="path.separator" value=";"/>
    <property name="os.version" value="10.0"/>
    <property name="java.runtime.name" value="OpenJDK Runtime Environment"/>
    <property name="file.encoding" value="UTF-8"/>
    <property name="java.vm.name" value="OpenJDK 64-Bit Server VM"/>
    <property name="localRepository" value="C:\Users\msfir\.m2\repository"/>
    <property name="java.vendor.url.bug" value="https://bugreport.java.com/bugreport/"/>
    <property name="java.io.tmpdir" value="C:\Users\msfir\AppData\Local\Temp\"/>
    <property name="java.version" value="18.0.2.1"/>
    <property name="user.dir" value="C:\Users\msfir\Documents\Java\Tubes\Algeo01-21075"/>
    <property name="os.arch" value="amd64"/>
    <property name="java.vm.specification.name" value="Java Virtual Machine Specification"/>
    <property name="sun.os.patch.level" value=""/>
    <property name="native.encoding" value="Cp1252"/>
    <property name="java.library.path" value="C:\Program Files\Java\openjdk-18.0.2.1\bin;C:\Windows\Sun\Java\bin;C:\Windows\system32;C:\Windows;C:\Program Files\Lapce\;C:\Users\msfir\scoop\apps\mingw-winlibs-llvm\current\bin;C:\Program Files\Java\openjdk-18.0.2.1\bin;C:\Program Files\Common Files\Oracle\Java\javapath;C:\Program Files (x86)\Common Files\Oracle\Java\javapath;C:\Windows\system32;C:\Windows;C:\Windows\System32\Wbem;C:\Windows\System32\WindowsPowerShell\v1.0\;C:\Windows\System32\OpenSSH\;C:\ProgramData\chocolatey\bin;C:\Users\msfir\AppData\Local\Programs\Python\Python310;C:\Program Files\Microsoft Network Monitor 3\;C:\Program Files\Microsoft SQL Server\150\Tools\Binn\;C:\Program Files\Microsoft SQL Server\Client SDK\ODBC\170\Tools\Binn\;C:\Program Files\dotnet\;C:\Program Files\Go\bin;C:\Users\msfir\AppData\Local\nvim-data\mason\bin;C:\Users\msfir\scoop\apps\nodejs\current\bin;C:\Users\msfir\scoop\apps\nodejs\current;C:\Users\msfir\AppData\Local\Programs\Microsoft VS Code\bin;C:\Users\msfir\shell;C:\Program Files\Git\cmd;C:\Program Files (x86)\Windows Kits\10\Windows Performance Toolkit\;C:\Users\msfir\scoop\apps\maven\current\bin;C:\Users\msfir\scoop\apps\mingw-winlibs-llvm\current\bin;C:\Users\msfir\scoop\apps\openssl-mingw\current\bin;C:\Users\msfir\scoop\shims;C:\Program Files\Java\openjdk-18.0.2.1\bin;C:\Program Files\Common Files\Oracle\Java\javapath;C:\Program Files (x86)\Common Files\Oracle\Java\javapath;C:\ProgramData\chocolatey\bin;C:\Users\msfir\AppData\Local\Programs\Python\Python310;C:\Program Files\Microsoft Network Monitor 3\;C:\Program Files\Microsoft SQL Server\150\Tools\Binn\;C:\Program Files\Microsoft SQL Server\Client SDK\ODBC\170\Tools\Binn\;C:\Program Files\dotnet\;C:\Program Files\Git\cmd;C:\Program Files\Go\bin;C:\Users\msfir\scoop\apps\miniconda3\current\scripts;C:\Users\msfir\scoop\apps\miniconda3\current\Library\bin;C:\Program Files\Git\usr\bin;C:\Users\msfir\.cargo\bin;C:\Users\msfir\scoop\apps\neovim\current\bin;C:\Users\msfir\.dotnet\tools;C:\Users\msfir\scoop\apps\neovim-nightly\current\bin;C:\Users\msfir\AppData\Local\nvim-data/mason/bin;."/>
    <property name="java.vm.info" value="mixed mode, sharing"/>
    <property name="java.vendor" value="Oracle Corporation"/>
    <property name="java.vm.version" value="18.0.2.1+1-1"/>
    <property name="sun.io.unicode.encoding" value="UnicodeLittle"/>
    <property name="java.class.version" value="62.0"/>
  </properties>
  <testcase name="testSPL_C_GaussJordan" classname="tubes.algeo.LinearEquationSolverTest" time="0.017"/>
  <testcase name="testSPL_E_Gauss" classname="tubes.algeo.LinearEquationSolverTest" time="0.002"/>
  <testcase name="testSPL_B_GaussJordan" classname="tubes.algeo.LinearEquationSolverTest" time="0.001"/>
  <testcase name="testSPL_D2_Cramer" classname="tubes.algeo.LinearEquationSolverTest" time="0.019">
    <failure message="expected:&lt;-8751600.0&gt; but was:&lt;-521235.3777792116&gt;" type="java.lang.AssertionError"><![CDATA[java.lang.AssertionError: expected:<-8751600.0> but was:<-521235.3777792116>
	at tubes.algeo.LinearEquationSolverTest.assertSolutionEqual(LinearEquationSolverTest.java:43)
	at tubes.algeo.LinearEquationSolverTest.testSPL_D2_Cramer(LinearEquationSolverTest.java:129)
]]></failure>
    <system-err><![CDATA[java.lang.IllegalArgumentException: the system of equation cannot be solved using Cramer's rule (determinant = 0)
	at tubes.algeo.LinearEquationSolver.solveSystemCramer(LinearEquationSolver.java:162)
	at tubes.algeo.LinearEquationSolverTest.testSPL_D2_Cramer(LinearEquationSolverTest.java:128)
	at java.base/jdk.internal.reflect.DirectMethodHandleAccessor.invoke(DirectMethodHandleAccessor.java:104)
	at java.base/java.lang.reflect.Method.invoke(Method.java:577)
	at org.junit.runners.model.FrameworkMethod$1.runReflectiveCall(FrameworkMethod.java:47)
	at org.junit.internal.runners.model.ReflectiveCallable.run(ReflectiveCallable.java:12)
	at org.junit.runners.model.FrameworkMethod.invokeExplosively(FrameworkMethod.java:44)
	at org.junit.internal.runners.statements.InvokeMethod.evaluate(InvokeMethod.java:17)
	at org.junit.runners.ParentRunner.runLeaf(ParentRunner.java:271)
	at org.junit.runners.BlockJUnit4ClassRunner.runChild(BlockJUnit4ClassRunner.java:70)
	at org.junit.runners.BlockJUnit4ClassRunner.runChild(BlockJUnit4ClassRunner.java:50)
	at org.junit.runners.ParentRunner$3.run(ParentRunner.java:238)
	at org.junit.runners.ParentRunner$1.schedule(ParentRunner.java:63)
	at org.junit.runners.ParentRunner.runChildren(ParentRunner.java:236)
	at org.junit.runners.ParentRunner.access$000(ParentRunner.java:53)
	at org.junit.runners.ParentRunner$2.evaluate(ParentRunner.java:229)
	at org.junit.runners.ParentRunner.run(ParentRunner.java:309)
	at org.apache.maven.surefire.junit4.JUnit4Provider.execute(JUnit4Provider.java:365)
	at org.apache.maven.surefire.junit4.JUnit4Provider.executeWithRerun(JUnit4Provider.java:273)
	at org.apache.maven.surefire.junit4.JUnit4Provider.executeTestSet(JUnit4Provider.java:238)
	at org.apache.maven.surefire.junit4.JUnit4Provider.invoke(JUnit4Provider.java:159)
	at org.apache.maven.surefire.booter.ForkedBooter.invokeProviderInSameClassLoader(ForkedBooter.java:384)
	at org.apache.maven.surefire.booter.ForkedBooter.runSuitesInProcess(ForkedBooter.java:345)
	at org.apache.maven.surefire.booter.ForkedBooter.execute(ForkedBooter.java:126)
	at org.apache.maven.surefire.booter.ForkedBooter.main(ForkedBooter.java:418)
]]></system-err>
  </testcase>
  <testcase name="testSPL_A_GaussJordan" classname="tubes.algeo.LinearEquationSolverTest" time="0"/>
  <testcase name="testSPL_G_Cramer" classname="tubes.algeo.LinearEquationSolverTest" time="0"/>
  <testcase name="testSPL_A_Gauss" classname="tubes.algeo.LinearEquationSolverTest" time="0"/>
  <testcase name="testSPL_F_Gauss" classname="tubes.algeo.LinearEquationSolverTest" time="0.001"/>
  <testcase name="testSPL_D1_Inverse" classname="tubes.algeo.LinearEquationSolverTest" time="0.001"/>
  <testcase name="testSPL_B_Gauss" classname="tubes.algeo.LinearEquationSolverTest" time="0"/>
  <testcase name="testSPL_G_Gauss" classname="tubes.algeo.LinearEquationSolverTest" time="0.001"/>
  <testcase name="testSPL_C_Gauss" classname="tubes.algeo.LinearEquationSolverTest" time="0"/>
  <testcase name="testSPL_D1_Gauss" classname="tubes.algeo.LinearEquationSolverTest" time="0"/>
  <testcase name="testSPL_H_Gauss" classname="tubes.algeo.LinearEquationSolverTest" time="0.002"/>
  <testcase name="testSPL_H_GaussJordan" classname="tubes.algeo.LinearEquationSolverTest" time="0.001"/>
  <testcase name="testSPL_D1_Cramer" classname="tubes.algeo.LinearEquationSolverTest" time="0.12"/>
  <testcase name="testSPL_G_GaussJordan" classname="tubes.algeo.LinearEquationSolverTest" time="0"/>
  <testcase name="testSPL_F_GaussJordan" classname="tubes.algeo.LinearEquationSolverTest" time="0"/>
  <testcase name="testSPL_D2_Gauss" classname="tubes.algeo.LinearEquationSolverTest" time="0">
    <failure message="expected:&lt;-8751600.0&gt; but was:&lt;-48048.00106115702&gt;" type="java.lang.AssertionError"><![CDATA[java.lang.AssertionError: expected:<-8751600.0> but was:<-48048.00106115702>
	at tubes.algeo.LinearEquationSolverTest.assertSolutionEqual(LinearEquationSolverTest.java:43)
	at tubes.algeo.LinearEquationSolverTest.testSPL_D2_Gauss(LinearEquationSolverTest.java:111)
]]></failure>
  </testcase>
  <testcase name="testSPL_G_Inverse" classname="tubes.algeo.LinearEquationSolverTest" time="0"/>
  <testcase name="testSPL_E_GaussJordan" classname="tubes.algeo.LinearEquationSolverTest" time="0"/>
  <testcase name="testSPL_D2_GaussJordan" classname="tubes.algeo.LinearEquationSolverTest" time="0">
    <failure message="expected:&lt;-8751600.0&gt; but was:&lt;-8750513.118251601&gt;" type="java.lang.AssertionError"><![CDATA[java.lang.AssertionError: expected:<-8751600.0> but was:<-8750513.118251601>
	at tubes.algeo.LinearEquationSolverTest.assertSolutionEqual(LinearEquationSolverTest.java:43)
	at tubes.algeo.LinearEquationSolverTest.testSPL_D2_GaussJordan(LinearEquationSolverTest.java:117)
]]></failure>
  </testcase>
  <testcase name="testSPL_D2_Inverse" classname="tubes.algeo.LinearEquationSolverTest" time="0">
    <failure type="java.lang.AssertionError">java.lang.AssertionError
	at tubes.algeo.LinearEquationSolverTest.assertSolutionEqual(LinearEquationSolverTest.java:26)
	at tubes.algeo.LinearEquationSolverTest.testSPL_D2_Inverse(LinearEquationSolverTest.java:123)
</failure>
  </testcase>
  <testcase name="testSPL_D1_GaussJordan" classname="tubes.algeo.LinearEquationSolverTest" time="0"/>
</testsuite>